<?xml version="1.0" encoding="UTF-8"?>
<testng-results ignored="0" total="1" passed="1" failed="0" skipped="0">
  <reporter-output>
  </reporter-output>
  <suite started-at="2022-09-26T12:37:39 IST" name="bankingapplication" finished-at="2022-09-26T12:37:53 IST" duration-ms="14657">
    <groups>
    </groups>
    <test started-at="2022-09-26T12:37:39 IST" name="Bankinapp Test" finished-at="2022-09-26T12:37:53 IST" duration-ms="14657">
      <class name="bankingapplication.testcases.TC_LoginTest_001">
        <test-method is-config="true" signature="setup(java.lang.String)[pri:0, instance:bankingapplication.testcases.TC_LoginTest_001@732c2a62]" started-at="2022-09-26T12:37:39 IST" name="setup" finished-at="2022-09-26T12:37:50 IST" duration-ms="10878" status="PASS">
          <params>
            <param index="0">
              <value>
                <![CDATA[chrome]]>
              </value>
            </param>
          </params>
          <reporter-output>
          </reporter-output>
        </test-method> <!-- setup -->
        <test-method signature="logintest()[pri:0, instance:bankingapplication.testcases.TC_LoginTest_001@732c2a62]" started-at="2022-09-26T12:37:50 IST" name="logintest" finished-at="2022-09-26T12:37:53 IST" duration-ms="3045" status="PASS">
          <reporter-output>
          </reporter-output>
        </test-method> <!-- logintest -->
        <test-method is-config="true" signature="teardown()[pri:0, instance:bankingapplication.testcases.TC_LoginTest_001@732c2a62]" started-at="2022-09-26T12:37:53 IST" name="teardown" finished-at="2022-09-26T12:37:53 IST" duration-ms="234" status="PASS">
          <reporter-output>
          </reporter-output>
        </test-method> <!-- teardown -->
      </class> <!-- bankingapplication.testcases.TC_LoginTest_001 -->
    </test> <!-- Bankinapp Test -->
  </suite> <!-- bankingapplication -->
</testng-results>
